<?xml version="1.0" encoding="UTF-8"?>
<testsuite errors="0" skipped="0" failures="1" tests="1" name="QuotationTest" time="0.072887" assertions="2">
  <testcase name="test_valid_quotation" time="0.072619" assertions="2">
    <failure type="Test::Unit::AssertionFailedError" message="Invalid....">
Invalid.
&lt;false&gt; is not true. (Test::Unit::AssertionFailedError)
/test/unit/quotation_test.rb:19:in `test_valid_quotation'    </failure>
  </testcase>
  <system-out>
  </system-out>
  <system-err>
  </system-err>
</testsuite>
